{
  "RSpec": {
    "coverage": {
      "/Users/ayushmudgal/Desktop/workspace/Lets-do-stuff/app/models/user.rb": [
        null,
        null,
        null,
        null,
        null,
        null,
        null,
        null,
        null,
        null,
        null,
        null,
        null,
        null,
        null,
        null,
        null,
        null,
        null,
        null,
        null,
        null,
        null,
        null,
        null,
        null,
        null,
        null,
        1,
        null,
        null,
        1,
        null,
        1,
        1,
        1,
        1,
        1,
        null,
        null,
        null,
        null,
        null,
        null,
        1,
        null,
        null
      ],
      "/Users/ayushmudgal/Desktop/workspace/Lets-do-stuff/app/helpers/application_helper.rb": [
        1,
        null
      ],
      "/Users/ayushmudgal/Desktop/workspace/Lets-do-stuff/app/helpers/categories_helper.rb": [
        1,
        null
      ],
      "/Users/ayushmudgal/Desktop/workspace/Lets-do-stuff/app/helpers/friendships_helper.rb": [
        1,
        null
      ],
      "/Users/ayushmudgal/Desktop/workspace/Lets-do-stuff/app/helpers/messages_helper.rb": [
        1,
        null
      ],
      "/Users/ayushmudgal/Desktop/workspace/Lets-do-stuff/app/helpers/rooms_helper.rb": [
        1,
        1,
        0,
        null,
        null,
        1,
        0,
        null,
        null,
        1,
        0,
        0,
        0,
        0,
        null,
        0,
        null,
        null
      ],
      "/Users/ayushmudgal/Desktop/workspace/Lets-do-stuff/app/helpers/users_helper.rb": [
        1,
        null
      ],
      "/Users/ayushmudgal/Desktop/workspace/Lets-do-stuff/app/helpers/welcome_helper.rb": [
        1,
        null
      ],
      "/Users/ayushmudgal/Desktop/workspace/Lets-do-stuff/app/controllers/friendships_controller.rb": [
        1,
        null,
        1,
        null,
        1,
        0,
        0,
        null,
        null,
        1,
        0,
        0,
        0,
        null,
        null,
        1,
        0,
        0,
        0,
        0,
        null,
        0,
        0,
        null,
        null,
        null,
        1,
        0,
        0,
        0,
        null,
        0,
        null,
        null,
        null,
        1,
        0,
        null,
        null,
        1,
        0,
        null,
        null,
        1,
        0,
        0,
        0,
        null,
        0,
        null,
        null,
        null,
        null
      ],
      "/Users/ayushmudgal/Desktop/workspace/Lets-do-stuff/app/controllers/application_controller.rb": [
        1,
        null,
        null,
        1,
        null,
        null,
        1,
        null,
        1,
        null,
        1,
        0,
        null,
        null
      ],
      "/Users/ayushmudgal/Desktop/workspace/Lets-do-stuff/app/models/room.rb": [
        null,
        null,
        null,
        null,
        null,
        null,
        null,
        null,
        null,
        null,
        null,
        null,
        null,
        null,
        null,
        null,
        null,
        1,
        1,
        1,
        1,
        null,
        1,
        1,
        1,
        1,
        null,
        null,
        null,
        1,
        1,
        null,
        null,
        null
      ],
      "/Users/ayushmudgal/Desktop/workspace/Lets-do-stuff/app/controllers/welcome_controller.rb": [
        1,
        1,
        2,
        null,
        null
      ],
      "/Users/ayushmudgal/Desktop/workspace/Lets-do-stuff/app/models/category.rb": [
        null,
        null,
        null,
        null,
        null,
        null,
        null,
        null,
        null,
        null,
        1,
        1,
        1,
        null
      ]
    },
    "timestamp": 1448346693
  }
}
